2026/06/24 15:02:05 Bootstrap Initiated.
2026/06/24 15:03:17 Bootstrap Initiated.
2026/06/24 15:04:19 Bootstrap Initiated.
2026/06/24 15:04:32 Bootstrap Initiated.
2026/06/24 15:11:39 Bootstrap Initiated.
2026/06/24 15:12:42 Bootstrap Initiated.
2026/06/24 15:35:59 Bootstrap Initiated.
2026/06/24 15:37:00 Bootstrap Initiated.
2026/06/24 15:38:35 Bootstrap Initiated.
2026/06/24 15:40:28 Bootstrap Initiated.
2026/06/24 15:41:25 Bootstrap Initiated.
2026/06/24 15:42:11 Bootstrap Initiated.
2026/06/24 15:45:01 Bootstrap Initiated.
2026/06/24 15:47:00 Bootstrap Initiated.
2026/06/24 15:52:00 Bootstrap Initiated.
2026/06/24 15:53:26 Bootstrap Initiated.
2026/06/24 15:53:27 Navigating to %s dashboard
2026/06/24 15:53:28 Navigating to %s cmd-app
2026/06/24 15:53:28 Navigating to %s home
2026/06/24 15:53:29 Navigating to %s settings
2026/06/24 15:53:30 Navigating to %s about
2026/06/24 16:07:40 Bootstrap Initiated.
2026/06/24 16:08:07 Navigating to -->  dashboard
2026/06/24 16:08:07 Navigating to -->  cmd-app
2026/06/24 16:08:10 Navigating to -->  dashboard
2026/06/24 16:08:11 Navigating to -->  dashboard
2026/06/24 16:08:13 Navigating to -->  home
2026/06/24 16:08:13 Navigating to -->  settings
2026/06/24 16:08:14 Navigating to -->  about
2026/06/24 16:08:16 Navigating to -->  settings
2026/06/24 16:08:17 Navigating to -->  home
2026/06/24 16:08:19 Navigating to -->  settings
2026/06/24 16:08:20 Navigating to -->  about
2026/06/24 16:08:20 Navigating to -->  settings
2026/06/24 16:08:21 Navigating to -->  home
2026/06/24 16:08:22 Navigating to -->  settings
2026/06/24 16:08:23 Navigating to -->  about
2026/06/24 16:08:24 Navigating to -->  settings
2026/06/24 16:08:24 Navigating to -->  home
2026/06/24 16:08:25 Navigating to -->  settings
2026/06/24 16:08:26 Navigating to -->  about
2026/06/24 16:08:26 Navigating to -->  settings
2026/06/24 16:08:27 Navigating to -->  home
2026/06/24 16:08:28 Navigating to -->  settings
2026/06/24 16:08:29 Navigating to -->  about
2026/06/24 16:08:29 Navigating to -->  settings
2026/06/24 16:08:30 Navigating to -->  home
2026/06/24 16:08:31 Navigating to -->  about
2026/06/24 16:08:32 Navigating to -->  settings
2026/06/24 16:08:33 Navigating to -->  home
2026/06/24 16:36:47 Bootstrap Initiated.
2026/06/24 16:36:48 Navigating to -->  dashboard
2026/06/24 16:36:49 Navigating to -->  cmd-app
2026/06/24 16:36:50 Navigating to -->  home
2026/06/24 16:36:52 Navigating to -->  settings
2026/06/24 16:36:53 Navigating to -->  about
2026/06/24 16:36:53 Navigating to -->  settings
2026/06/24 16:36:54 Navigating to -->  home
2026/06/24 16:36:55 Navigating to -->  cmd-app
2026/06/24 16:36:56 Navigating to -->  dashboard
2026/06/24 16:36:58 Navigating to -->  dashboard
2026/06/24 16:36:59 Navigating to -->  cmd-app
2026/06/24 16:37:00 Navigating to -->  home
2026/06/24 16:37:00 Navigating to -->  settings
2026/06/24 16:37:01 Navigating to -->  about
2026/06/24 16:37:02 Navigating to -->  settings
2026/06/24 16:37:03 Navigating to -->  home
2026/06/24 16:37:04 Navigating to -->  cmd-app
2026/06/24 16:37:05 Navigating to -->  dashboard
2026/06/24 16:37:06 Navigating to -->  dashboard
2026/06/24 16:37:07 Navigating to -->  cmd-app
2026/06/24 16:37:08 Navigating to -->  home
2026/06/24 16:45:04 Bootstrap Initiated.
2026/06/24 16:45:05 Navigating to -->  dashboard
2026/06/24 16:45:06 Navigating to -->  cmd-app
2026/06/24 16:45:06 Navigating to -->  home
2026/06/24 16:45:07 Navigating to -->  settings
2026/06/24 16:45:08 Navigating to -->  about
2026/06/24 16:45:09 Navigating to -->  settings
2026/06/24 16:45:10 Navigating to -->  home
2026/06/24 16:45:11 Navigating to -->  settings
2026/06/24 16:45:12 Navigating to -->  about
2026/06/24 16:45:13 Navigating to -->  settings
2026/06/24 16:45:13 Navigating to -->  home
2026/06/24 16:45:14 Navigating to -->  settings
2026/06/24 16:45:15 Navigating to -->  about
2026/06/24 16:45:15 Navigating to -->  settings
2026/06/24 16:45:16 Navigating to -->  home
2026/06/24 16:45:17 Navigating to -->  settings
2026/06/24 16:45:17 Navigating to -->  about
2026/06/24 16:45:18 Navigating to -->  about
2026/06/24 16:45:19 Navigating to -->  settings
2026/06/24 16:45:19 Navigating to -->  home
2026/06/24 16:45:20 Navigating to -->  cmd-app
2026/06/24 16:45:21 Navigating to -->  cmd-app
2026/06/24 16:45:22 Navigating to -->  cmd-app
2026/06/24 16:45:23 Navigating to -->  cmd-app
2026/06/24 16:45:23 Navigating to -->  cmd-app
2026/06/24 16:45:23 Navigating to -->  cmd-app
2026/06/24 16:45:24 Navigating to -->  cmd-app
2026/06/24 16:45:24 Navigating to -->  cmd-app
2026/06/24 16:45:25 Navigating to -->  cmd-app
2026/06/24 16:45:25 Navigating to -->  cmd-app
2026/06/24 16:45:25 Navigating to -->  cmd-app
2026/06/24 16:45:26 Navigating to -->  cmd-app
2026/06/24 16:45:26 Navigating to -->  cmd-app
2026/06/24 16:45:27 Navigating to -->  cmd-app
2026/06/24 16:45:27 Navigating to -->  cmd-app
2026/06/24 16:45:28 Navigating to -->  cmd-app
2026/06/24 16:45:42 Navigating to -->  dashboard
2026/06/24 16:45:43 Navigating to -->  internal
2026/06/24 16:45:45 Navigating to -->  internal-ui
2026/06/24 16:45:47 Navigating to -->  internal-ui-components
2026/06/24 16:45:52 Navigating to -->  internal-ui-screens
2026/06/24 16:45:58 Navigating to -->  dashboard
2026/06/24 16:46:32 Navigating to -->  settings
2026/06/24 16:48:03 Navigating to -->  about
2026/06/24 16:48:04 Navigating to -->  settings
2026/06/24 16:48:04 Navigating to -->  home
2026/06/24 16:48:05 Navigating to -->  settings
2026/06/24 16:48:06 Navigating to -->  about
2026/06/24 16:48:07 Navigating to -->  settings
2026/06/24 16:48:07 Navigating to -->  home
2026/06/24 16:48:08 Navigating to -->  settings
2026/06/24 16:48:09 Navigating to -->  about
2026/06/24 16:48:10 Navigating to -->  settings
2026/06/24 16:48:10 Navigating to -->  home
2026/06/24 16:48:11 Navigating to -->  home
2026/06/24 16:48:12 Navigating to -->  settings
2026/06/24 16:48:12 Navigating to -->  about
2026/06/24 16:48:13 Navigating to -->  settings
2026/06/24 16:48:14 Navigating to -->  home
2026/06/24 16:48:15 Navigating to -->  settings
2026/06/24 16:48:15 Navigating to -->  about
2026/06/24 16:48:16 Navigating to -->  settings
2026/06/24 16:48:17 Navigating to -->  home
2026/06/24 16:48:18 Navigating to -->  settings
2026/06/24 16:48:18 Navigating to -->  about
2026/06/24 16:48:19 Navigating to -->  settings
2026/06/24 16:48:20 Navigating to -->  home
2026/06/24 16:48:21 Navigating to -->  home
2026/06/24 16:48:21 Navigating to -->  settings
2026/06/24 16:48:22 Navigating to -->  about
2026/06/24 16:48:23 Navigating to -->  settings
2026/06/24 16:48:24 Navigating to -->  home
2026/06/24 16:48:24 Navigating to -->  settings
2026/06/24 16:48:25 Navigating to -->  about
2026/06/24 16:48:27 Navigating to -->  home
2026/06/24 16:48:28 Navigating to -->  settings
2026/06/24 16:48:31 Navigating to -->  about
2026/06/24 16:48:32 Navigating to -->  home
2026/06/24 16:48:33 Navigating to -->  settings
2026/06/24 16:48:33 Navigating to -->  about
2026/06/24 16:48:34 Navigating to -->  home
2026/06/24 16:48:35 Navigating to -->  settings
2026/06/24 16:48:36 Navigating to -->  home
2026/06/24 16:48:37 Navigating to -->  settings
2026/06/24 16:48:38 Navigating to -->  about
2026/06/24 16:48:39 Navigating to -->  home
2026/06/24 16:48:39 Navigating to -->  settings
2026/06/24 16:48:40 Navigating to -->  about
2026/06/24 16:48:41 Navigating to -->  home
2026/06/24 16:48:42 Navigating to -->  home
2026/06/24 16:48:43 Navigating to -->  settings
2026/06/24 16:48:43 Navigating to -->  about
2026/06/24 16:48:44 Navigating to -->  home
2026/06/24 16:48:45 Navigating to -->  settings
2026/06/24 16:48:46 Navigating to -->  about
2026/06/24 16:48:47 Navigating to -->  home
2026/06/24 16:48:47 Navigating to -->  settings
2026/06/24 16:48:48 Navigating to -->  about
2026/06/24 16:48:49 Navigating to -->  home
2026/06/24 16:48:49 Navigating to -->  settings
2026/06/24 16:48:50 Navigating to -->  about
2026/06/24 16:48:51 Navigating to -->  home
2026/06/24 16:48:52 Navigating to -->  settings
2026/06/24 16:48:53 Navigating to -->  about
2026/06/24 16:48:53 Navigating to -->  home
2026/06/24 16:48:54 Navigating to -->  settings
2026/06/24 16:50:34 Bootstrap Initiated.
2026/06/24 16:50:36 Navigating to -->  dashboard
2026/06/24 16:50:37 Navigating to -->  cmd-app
2026/06/24 16:50:38 Navigating to -->  home
2026/06/24 16:50:40 Navigating to -->  settings
2026/06/24 16:50:43 Navigating to -->  dashboard
2026/06/24 16:50:45 Navigating to -->  dashboard
2026/06/24 16:50:47 Navigating to -->  home
2026/06/24 16:50:47 Navigating to -->  settings
2026/06/24 16:50:48 Navigating to -->  about
2026/06/24 16:50:49 Navigating to -->  settings
2026/06/24 16:50:50 Navigating to -->  home
2026/06/24 16:50:56 Navigating to -->  home
2026/06/24 16:50:57 Navigating to -->  settings
2026/06/24 16:50:58 Navigating to -->  about
2026/06/24 16:50:58 Navigating to -->  settings
2026/06/24 16:50:59 Navigating to -->  home
2026/06/24 16:51:00 Navigating to -->  settings
2026/06/24 16:51:01 Navigating to -->  about
2026/06/24 16:51:01 Navigating to -->  settings
2026/06/24 16:51:02 Navigating to -->  home
2026/06/24 16:51:03 Navigating to -->  settings
2026/06/24 16:51:04 Navigating to -->  about
2026/06/24 16:51:04 Navigating to -->  settings
2026/06/24 16:51:05 Navigating to -->  home
2026/06/24 16:51:06 Navigating to -->  settings
2026/06/24 16:51:07 Navigating to -->  about
2026/06/24 16:51:08 Navigating to -->  settings
2026/06/24 16:51:09 Navigating to -->  home
2026/06/24 16:59:48 Bootstrap Initiated.
2026/06/24 16:59:51 Navigating to -->  dashboard
2026/06/24 16:59:52 Navigating to -->  cmd-app
2026/06/24 16:59:53 Navigating to -->  settings
2026/06/24 16:59:55 Navigating to -->  home
2026/06/24 16:59:56 Navigating to -->  settings
2026/06/24 16:59:58 Navigating to -->  home
2026/06/24 16:59:59 Navigating to -->  settings
2026/06/24 17:00:00 Navigating to -->  home
2026/06/24 17:00:01 Navigating to -->  settings
2026/06/24 17:00:03 Navigating to -->  settings
2026/06/24 17:00:04 Navigating to -->  home
2026/06/24 17:00:06 Navigating to -->  settings
2026/06/24 17:00:12 Navigating to -->  home
2026/06/24 17:00:13 Navigating to -->  settings
2026/06/24 17:00:55 Navigating to -->  about
2026/06/24 17:00:56 Navigating to -->  settings
2026/06/24 17:00:57 Navigating to -->  home
2026/06/24 17:00:58 Navigating to -->  settings
2026/06/24 17:00:59 Navigating to -->  about
2026/06/24 17:01:26 Bootstrap Initiated.
2026/06/24 17:01:28 Navigating to -->  internal
2026/06/24 17:01:29 Navigating to -->  dashboard
2026/06/24 17:01:29 Navigating to -->  cmd-app
2026/06/24 17:01:30 Navigating to -->  home
2026/06/24 17:01:31 Navigating to -->  settings
2026/06/24 17:01:32 Navigating to -->  about
2026/06/24 17:01:33 Navigating to -->  settings
2026/06/24 17:01:33 Navigating to -->  home
2026/06/24 17:01:34 Navigating to -->  settings
2026/06/24 17:01:35 Navigating to -->  about
2026/06/24 17:01:36 Navigating to -->  settings
2026/06/24 17:01:36 Navigating to -->  home
2026/06/24 17:01:37 Navigating to -->  settings
2026/06/24 17:01:38 Navigating to -->  about
2026/06/24 17:01:39 Navigating to -->  settings
2026/06/24 17:01:39 Navigating to -->  home
2026/06/24 17:01:40 Navigating to -->  settings
2026/06/24 17:01:41 Navigating to -->  about
2026/06/24 17:01:42 Navigating to -->  settings
2026/06/24 17:01:42 Navigating to -->  home
2026/06/24 17:01:48 Navigating to -->  home
2026/06/24 17:01:49 Navigating to -->  settings
2026/06/24 17:01:49 Navigating to -->  about
2026/06/24 17:01:50 Navigating to -->  settings
2026/06/24 17:01:51 Navigating to -->  home
2026/06/24 17:01:51 Navigating to -->  settings
2026/06/24 17:01:52 Navigating to -->  about
2026/06/24 17:01:53 Navigating to -->  settings
2026/06/24 17:01:54 Navigating to -->  home
2026/06/24 17:01:54 Navigating to -->  settings
2026/06/24 17:01:55 Navigating to -->  about
2026/06/24 17:01:56 Navigating to -->  settings
2026/06/24 17:01:57 Navigating to -->  home
2026/06/24 17:02:02 Navigating to -->  settings
2026/06/24 17:02:03 Navigating to -->  about
2026/06/24 17:02:03 Navigating to -->  settings
2026/06/24 17:02:04 Navigating to -->  home
2026/06/24 17:02:05 Navigating to -->  home
2026/06/24 17:02:06 Navigating to -->  settings
2026/06/24 17:02:07 Navigating to -->  settings
2026/06/24 17:02:08 Navigating to -->  home
2026/06/24 17:03:38 Bootstrap Initiated.
2026/06/24 17:03:40 Navigating to -->  dashboard
2026/06/24 17:03:42 Navigating to -->  cmd-app
2026/06/24 17:03:43 Navigating to -->  home
2026/06/24 17:04:00 Bootstrap Initiated.
2026/06/24 17:04:02 Navigating to -->  dashboard
2026/06/24 17:04:03 Navigating to -->  cmd-app
2026/06/24 17:04:04 Navigating to -->  home
2026/06/24 17:04:05 Navigating to -->  settings
2026/06/24 17:04:06 Navigating to -->  about
2026/06/24 17:04:22 Bootstrap Initiated.
2026/06/24 17:04:23 Navigating to -->  dashboard
2026/06/24 17:04:24 Navigating to -->  cmd-app
2026/06/24 17:04:25 Navigating to -->  home
2026/06/24 17:04:26 Navigating to -->  settings
2026/06/24 17:04:26 Navigating to -->  about
2026/06/24 17:04:27 Navigating to -->  settings
2026/06/24 17:04:28 Navigating to -->  home
2026/06/24 17:04:29 Navigating to -->  settings
2026/06/24 17:04:31 Navigating to -->  settings
2026/06/24 17:04:32 Navigating to -->  home
2026/06/24 17:04:33 Navigating to -->  settings
2026/06/24 17:04:34 Navigating to -->  about
2026/06/24 17:04:35 Navigating to -->  settings
2026/06/24 17:04:51 Navigating to -->  settings
2026/06/24 17:04:52 Navigating to -->  about
2026/06/24 17:04:53 Navigating to -->  settings
2026/06/24 17:04:53 Navigating to -->  home
2026/06/24 17:04:54 Navigating to -->  settings
2026/06/24 17:04:55 Navigating to -->  about
2026/06/24 17:04:56 Navigating to -->  settings
2026/06/24 17:04:57 Navigating to -->  home
2026/06/24 17:05:12 Navigating to -->  home
2026/06/24 17:05:13 Navigating to -->  settings
2026/06/24 17:05:14 Navigating to -->  about
2026/06/24 17:05:14 Navigating to -->  settings
2026/06/24 17:05:15 Navigating to -->  home
2026/06/24 17:05:16 Navigating to -->  settings
2026/06/24 17:05:16 Navigating to -->  about
2026/06/24 17:05:17 Navigating to -->  settings
2026/06/24 17:05:18 Navigating to -->  home
2026/06/24 17:05:18 Navigating to -->  settings
2026/06/24 17:05:19 Navigating to -->  about
2026/06/24 17:05:20 Navigating to -->  settings
2026/06/24 17:05:21 Navigating to -->  home
2026/06/24 17:05:21 Navigating to -->  settings
2026/06/24 17:05:23 Navigating to -->  about
2026/06/24 17:05:23 Navigating to -->  settings
2026/06/24 17:05:24 Navigating to -->  home
2026/06/24 17:05:25 Navigating to -->  settings
2026/06/24 17:05:27 Navigating to -->  about
2026/06/24 17:05:28 Navigating to -->  settings
2026/06/24 17:05:29 Navigating to -->  home
2026/06/24 17:05:30 Navigating to -->  settings
2026/06/24 17:05:31 Navigating to -->  about
2026/06/24 17:05:31 Navigating to -->  settings
2026/06/24 17:05:32 Navigating to -->  home
2026/06/24 17:05:33 Navigating to -->  settings
2026/06/24 17:05:34 Navigating to -->  about
2026/06/24 17:05:44 Navigating to -->  home
2026/06/24 17:05:45 Navigating to -->  settings
2026/06/24 17:05:46 Navigating to -->  about
2026/06/24 17:05:47 Navigating to -->  home
2026/06/24 17:05:54 Navigating to -->  home
2026/06/24 17:05:55 Navigating to -->  settings
2026/06/24 17:06:01 Navigating to -->  about
2026/06/24 17:06:01 Navigating to -->  settings
2026/06/24 17:06:02 Navigating to -->  home
2026/06/24 17:06:03 Navigating to -->  settings
2026/06/24 17:06:04 Navigating to -->  about
2026/06/24 17:06:05 Navigating to -->  settings
2026/06/24 17:06:06 Navigating to -->  home
2026/06/24 17:06:07 Navigating to -->  settings
2026/06/24 17:06:07 Navigating to -->  about
2026/06/24 17:06:08 Navigating to -->  settings
2026/06/24 17:06:09 Navigating to -->  home
2026/06/24 17:06:10 Navigating to -->  settings
2026/06/24 17:06:10 Navigating to -->  about
2026/06/24 17:06:11 Navigating to -->  settings
2026/06/24 17:06:12 Navigating to -->  home
2026/06/24 17:06:13 Navigating to -->  settings
2026/06/24 17:06:14 Navigating to -->  about
2026/06/24 17:06:14 Navigating to -->  settings
2026/06/24 17:06:15 Navigating to -->  home
2026/06/24 17:06:16 Navigating to -->  settings
2026/06/24 17:06:18 Navigating to -->  home
2026/06/24 17:06:18 Navigating to -->  settings
2026/06/24 17:06:19 Navigating to -->  about
